X =
           1        0.5       0.25      0.125     0.0625    0.03125    0.01562   0.007812   0.003906   0.001953
           1        0.2       0.04      0.008     0.0016    0.00032    6.4e-05   1.28e-05   2.56e-06   5.12e-07
           1        1.2       1.44      1.728      2.074      2.488      2.986      3.583        4.3       5.16
           1        2.9       8.41      24.39      70.73      205.1      594.8       1725       5002  1.451e+04
           1        3.4      11.56       39.3      133.6      454.4       1545       5252  1.786e+04  6.072e+04
           1        2.4       5.76      13.82      33.18      79.63      191.1      458.6       1101       2642
           1        4.4      19.36      85.18      374.8       1649       7256  3.193e+04  1.405e+05  6.181e+05
           1        4.5      20.25      91.12      410.1       1845       8304  3.737e+04  1.682e+05  7.567e+05
           1        4.9      24.01      117.6      576.5       2825  1.384e+04  6.782e+04  3.323e+05  1.628e+06
           1        3.3      10.89      35.94      118.6      391.4       1291       4262  1.406e+04  4.641e+04

A = X'X =
          10       27.7        102      409.3       1720       7452  3.303e+04  1.488e+05   6.79e+05  3.127e+06
        27.7        102      409.3       1720       7452  3.303e+04  1.488e+05   6.79e+05  3.127e+06  1.451e+07
         102      409.3       1720       7452  3.303e+04  1.488e+05   6.79e+05  3.127e+06  1.451e+07  6.773e+07
       409.3       1720       7452  3.303e+04  1.488e+05   6.79e+05  3.127e+06  1.451e+07  6.773e+07  3.176e+08
        1720       7452  3.303e+04  1.488e+05   6.79e+05  3.127e+06  1.451e+07  6.773e+07  3.176e+08  1.495e+09
        7452  3.303e+04  1.488e+05   6.79e+05  3.127e+06  1.451e+07  6.773e+07  3.176e+08  1.495e+09  7.064e+09
   3.303e+04  1.488e+05   6.79e+05  3.127e+06  1.451e+07  6.773e+07  3.176e+08  1.495e+09  7.064e+09  3.347e+10
   1.488e+05   6.79e+05  3.127e+06  1.451e+07  6.773e+07  3.176e+08  1.495e+09  7.064e+09  3.347e+10   1.59e+11
    6.79e+05  3.127e+06  1.451e+07  6.773e+07  3.176e+08  1.495e+09  7.064e+09  3.347e+10   1.59e+11  7.571e+11
   3.127e+06  1.451e+07  6.773e+07  3.176e+08  1.495e+09  7.064e+09  3.347e+10   1.59e+11  7.571e+11  3.612e+12

X'y =
        64.2
       202.9
         774
        3157
   1.339e+04
    5.84e+04
   2.599e+05
   1.175e+06
   5.369e+06
   2.476e+07

L =
       3.162          0          0          0          0          0          0          0          0          0
        8.76      5.024          0          0          0          0          0          0          0          0
       32.25      25.24      6.533          0          0          0          0          0          0          0
       129.4      116.6      51.27      6.785          0          0          0          0          0          0
       543.8      535.2      303.4      68.55      8.958          0          0          0          0          0
        2357       2465       1624      481.6      117.4      10.61          0          0          0          0
   1.044e+04  1.141e+04       8290       2928       1002      165.4      12.14          0          0          0
   4.706e+04   5.31e+04  4.128e+04  1.654e+04       7073       1610      209.1      7.295          0          0
   2.147e+05  2.481e+05  2.028e+05  8.951e+04  4.501e+04  1.261e+04       2187      148.4      5.064          0
    9.89e+05  1.164e+06  9.881e+05  4.719e+05  2.685e+05  8.706e+04  1.808e+04       1782      123.3     0.9911

b =
       275.4555083
      -2588.181693
       8224.940189
      -12186.72124
       9881.476879
      -4747.442837
       1390.063807
      -243.7535693
       23.53629605
     -0.9626413945

