X =
           1        0.5       0.25
           1        0.2       0.04
           1        1.2       1.44
           1        2.9       8.41
           1        3.4      11.56
           1        2.4       5.76
           1        4.4      19.36
           1        4.5      20.25
           1        4.9      24.01
           1        3.3      10.89

A = X'X =
          10       27.7        102
        27.7        102      409.3
         102      409.3       1720

X'y =
        64.2
       202.9
         774

L =
       3.162          0          0
        8.76      5.024          0
       32.25      25.24      6.533

b =
       3.086640288
       1.778775833
      -0.156305712

