X =
           1        0.5       0.25      0.125     0.0625    0.03125    0.01562   0.007812
           1        0.2       0.04      0.008     0.0016    0.00032    6.4e-05   1.28e-05
           1        1.2       1.44      1.728      2.074      2.488      2.986      3.583
           1        2.9       8.41      24.39      70.73      205.1      594.8       1725
           1        3.4      11.56       39.3      133.6      454.4       1545       5252
           1        2.4       5.76      13.82      33.18      79.63      191.1      458.6
           1        4.4      19.36      85.18      374.8       1649       7256  3.193e+04
           1        4.5      20.25      91.12      410.1       1845       8304  3.737e+04
           1        4.9      24.01      117.6      576.5       2825  1.384e+04  6.782e+04
           1        3.3      10.89      35.94      118.6      391.4       1291       4262

A = X'X =
          10       27.7        102      409.3       1720       7452  3.303e+04  1.488e+05
        27.7        102      409.3       1720       7452  3.303e+04  1.488e+05   6.79e+05
         102      409.3       1720       7452  3.303e+04  1.488e+05   6.79e+05  3.127e+06
       409.3       1720       7452  3.303e+04  1.488e+05   6.79e+05  3.127e+06  1.451e+07
        1720       7452  3.303e+04  1.488e+05   6.79e+05  3.127e+06  1.451e+07  6.773e+07
        7452  3.303e+04  1.488e+05   6.79e+05  3.127e+06  1.451e+07  6.773e+07  3.176e+08
   3.303e+04  1.488e+05   6.79e+05  3.127e+06  1.451e+07  6.773e+07  3.176e+08  1.495e+09
   1.488e+05   6.79e+05  3.127e+06  1.451e+07  6.773e+07  3.176e+08  1.495e+09  7.064e+09

X'y =
        64.2
       202.9
         774
        3157
   1.339e+04
    5.84e+04
   2.599e+05
   1.175e+06

L =
       3.162          0          0          0          0          0          0          0
        8.76      5.024          0          0          0          0          0          0
       32.25      25.24      6.533          0          0          0          0          0
       129.4      116.6      51.27      6.785          0          0          0          0
       543.8      535.2      303.4      68.55      8.958          0          0          0
        2357       2465       1624      481.6      117.4      10.61          0          0
   1.044e+04  1.141e+04       8290       2928       1002      165.4      12.14          0
   4.706e+04   5.31e+04  4.128e+04  1.654e+04       7073       1610      209.1      7.295

b =
        6.5118914995245
       -23.089476168744
       54.6952340278697
      -53.5118321989126
        26.741921656742
      -7.14897664338838
      0.973094891765296
    -0.0529927388990807

